[10:45:19] [main/INFO]: LiteLoader 1.7.10_04 starting up...
[10:45:19] [main/INFO]: Java reports OS="windows 10"
[10:45:19] [main/INFO]: Enumerating class path...
[10:45:19] [main/INFO]: Class path separator=";"
[10:45:19] [main/INFO]: Class path entries=(
   classpathEntry=D:\minecraft\[最新]Mc你的游戏(解压包)1\Mcndyx\.minecraft\libraries\com\mumfrey\liteloader\1.7.10\liteloader-1.7.10.jar
   classpathEntry=D:\minecraft\[最新]Mc你的游戏(解压包)1\Mcndyx\.minecraft\libraries\net\minecraft\launchwrapper\1.11\launchwrapper-1.11.jar
   classpathEntry=D:\minecraft\[最新]Mc你的游戏(解压包)1\Mcndyx\.minecraft\libraries\org\ow2\asm\asm-all\5.0.3\asm-all-5.0.3.jar
   classpathEntry=D:\minecraft\[最新]Mc你的游戏(解压包)1\Mcndyx\.minecraft\libraries\com\google\guava\guava\16.0\guava-16.0.jar
   classpathEntry=D:\minecraft\[最新]Mc你的游戏(解压包)1\Mcndyx\.minecraft\libraries\net\minecraftforge\forge\1.7.10-10.13.4.1614-1.7.10\forge-1.7.10-10.13.4.1614-1.7.10.jar
   classpathEntry=D:\minecraft\[最新]Mc你的游戏(解压包)1\Mcndyx\.minecraft\libraries\net\minecraft\launchwrapper\1.12\launchwrapper-1.12.jar
   classpathEntry=D:\minecraft\[最新]Mc你的游戏(解压包)1\Mcndyx\.minecraft\libraries\org\ow2\asm\asm-all\5.0.3\asm-all-5.0.3.jar
   classpathEntry=D:\minecraft\[最新]Mc你的游戏(解压包)1\Mcndyx\.minecraft\libraries\com\typesafe\akka\akka-actor_2.11\2.3.3\akka-actor_2.11-2.3.3.jar
   classpathEntry=D:\minecraft\[最新]Mc你的游戏(解压包)1\Mcndyx\.minecraft\libraries\com\typesafe\config\1.2.1\config-1.2.1.jar
   classpathEntry=D:\minecraft\[最新]Mc你的游戏(解压包)1\Mcndyx\.minecraft\libraries\org\scala-lang\scala-actors-migration_2.11\1.1.0\scala-actors-migration_2.11-1.1.0.jar
   classpathEntry=D:\minecraft\[最新]Mc你的游戏(解压包)1\Mcndyx\.minecraft\libraries\org\scala-lang\scala-compiler\2.11.1\scala-compiler-2.11.1.jar
   classpathEntry=D:\minecraft\[最新]Mc你的游戏(解压包)1\Mcndyx\.minecraft\libraries\org\scala-lang\plugins\scala-continuations-library_2.11\1.0.2\scala-continuations-library_2.11-1.0.2.jar
   classpathEntry=D:\minecraft\[最新]Mc你的游戏(解压包)1\Mcndyx\.minecraft\libraries\org\scala-lang\plugins\scala-continuations-plugin_2.11.1\1.0.2\scala-continuations-plugin_2.11.1-1.0.2.jar
   classpathEntry=D:\minecraft\[最新]Mc你的游戏(解压包)1\Mcndyx\.minecraft\libraries\org\scala-lang\scala-library\2.11.1\scala-library-2.11.1.jar
   classpathEntry=D:\minecraft\[最新]Mc你的游戏(解压包)1\Mcndyx\.minecraft\libraries\org\scala-lang\scala-parser-combinators_2.11\1.0.1\scala-parser-combinators_2.11-1.0.1.jar
   classpathEntry=D:\minecraft\[最新]Mc你的游戏(解压包)1\Mcndyx\.minecraft\libraries\org\scala-lang\scala-reflect\2.11.1\scala-reflect-2.11.1.jar
   classpathEntry=D:\minecraft\[最新]Mc你的游戏(解压包)1\Mcndyx\.minecraft\libraries\org\scala-lang\scala-swing_2.11\1.0.1\scala-swing_2.11-1.0.1.jar
   classpathEntry=D:\minecraft\[最新]Mc你的游戏(解压包)1\Mcndyx\.minecraft\libraries\org\scala-lang\scala-xml_2.11\1.0.2\scala-xml_2.11-1.0.2.jar
   classpathEntry=D:\minecraft\[最新]Mc你的游戏(解压包)1\Mcndyx\.minecraft\libraries\lzma\lzma\0.0.1\lzma-0.0.1.jar
   classpathEntry=D:\minecraft\[最新]Mc你的游戏(解压包)1\Mcndyx\.minecraft\libraries\net\sf\jopt-simple\jopt-simple\4.5\jopt-simple-4.5.jar
   classpathEntry=D:\minecraft\[最新]Mc你的游戏(解压包)1\Mcndyx\.minecraft\libraries\com\google\guava\guava\17.0\guava-17.0.jar
   classpathEntry=D:\minecraft\[最新]Mc你的游戏(解压包)1\Mcndyx\.minecraft\libraries\org\apache\commons\commons-lang3\3.3.2\commons-lang3-3.3.2.jar
   classpathEntry=D:\minecraft\[最新]Mc你的游戏(解压包)1\Mcndyx\.minecraft\libraries\com\mojang\realms\1.2.4\realms-1.2.4.jar
   classpathEntry=D:\minecraft\[最新]Mc你的游戏(解压包)1\Mcndyx\.minecraft\libraries\org\apache\commons\commons-compress\1.8.1\commons-compress-1.8.1.jar
   classpathEntry=D:\minecraft\[最新]Mc你的游戏(解压包)1\Mcndyx\.minecraft\libraries\org\apache\httpcomponents\httpclient\4.3.3\httpclient-4.3.3.jar
   classpathEntry=D:\minecraft\[最新]Mc你的游戏(解压包)1\Mcndyx\.minecraft\libraries\commons-logging\commons-logging\1.1.3\commons-logging-1.1.3.jar
   classpathEntry=D:\minecraft\[最新]Mc你的游戏(解压包)1\Mcndyx\.minecraft\libraries\org\apache\httpcomponents\httpcore\4.3.2\httpcore-4.3.2.jar
   classpathEntry=D:\minecraft\[最新]Mc你的游戏(解压包)1\Mcndyx\.minecraft\libraries\java3d\vecmath\1.3.1\vecmath-1.3.1.jar
   classpathEntry=D:\minecraft\[最新]Mc你的游戏(解压包)1\Mcndyx\.minecraft\libraries\net\sf\trove4j\trove4j\3.0.3\trove4j-3.0.3.jar
   classpathEntry=D:\minecraft\[最新]Mc你的游戏(解压包)1\Mcndyx\.minecraft\libraries\com\ibm\icu\icu4j-core-mojang\51.2\icu4j-core-mojang-51.2.jar
   classpathEntry=D:\minecraft\[最新]Mc你的游戏(解压包)1\Mcndyx\.minecraft\libraries\net\sf\jopt-simple\jopt-simple\4.5\jopt-simple-4.5.jar
   classpathEntry=D:\minecraft\[最新]Mc你的游戏(解压包)1\Mcndyx\.minecraft\libraries\com\paulscode\codecjorbis\20101023\codecjorbis-20101023.jar
   classpathEntry=D:\minecraft\[最新]Mc你的游戏(解压包)1\Mcndyx\.minecraft\libraries\com\paulscode\codecwav\20101023\codecwav-20101023.jar
   classpathEntry=D:\minecraft\[最新]Mc你的游戏(解压包)1\Mcndyx\.minecraft\libraries\com\paulscode\libraryjavasound\20101123\libraryjavasound-20101123.jar
   classpathEntry=D:\minecraft\[最新]Mc你的游戏(解压包)1\Mcndyx\.minecraft\libraries\com\paulscode\librarylwjglopenal\20100824\librarylwjglopenal-20100824.jar
   classpathEntry=D:\minecraft\[最新]Mc你的游戏(解压包)1\Mcndyx\.minecraft\libraries\com\paulscode\soundsystem\20120107\soundsystem-20120107.jar
   classpathEntry=D:\minecraft\[最新]Mc你的游戏(解压包)1\Mcndyx\.minecraft\libraries\io\netty\netty-all\4.0.10.Final\netty-all-4.0.10.Final.jar
   classpathEntry=D:\minecraft\[最新]Mc你的游戏(解压包)1\Mcndyx\.minecraft\libraries\org\apache\commons\commons-lang3\3.1\commons-lang3-3.1.jar
   classpathEntry=D:\minecraft\[最新]Mc你的游戏(解压包)1\Mcndyx\.minecraft\libraries\commons-io\commons-io\2.4\commons-io-2.4.jar
   classpathEntry=D:\minecraft\[最新]Mc你的游戏(解压包)1\Mcndyx\.minecraft\libraries\commons-codec\commons-codec\1.9\commons-codec-1.9.jar
   classpathEntry=D:\minecraft\[最新]Mc你的游戏(解压包)1\Mcndyx\.minecraft\libraries\net\java\jinput\jinput\2.0.5\jinput-2.0.5.jar
   classpathEntry=D:\minecraft\[最新]Mc你的游戏(解压包)1\Mcndyx\.minecraft\libraries\net\java\jutils\jutils\1.0.0\jutils-1.0.0.jar
   classpathEntry=D:\minecraft\[最新]Mc你的游戏(解压包)1\Mcndyx\.minecraft\libraries\com\google\code\gson\gson\2.2.4\gson-2.2.4.jar
   classpathEntry=D:\minecraft\[最新]Mc你的游戏(解压包)1\Mcndyx\.minecraft\libraries\com\mojang\authlib\1.5.13\authlib-1.5.13.jar
   classpathEntry=D:\minecraft\[最新]Mc你的游戏(解压包)1\Mcndyx\.minecraft\libraries\org\apache\logging\log4j\log4j-api\2.0-beta9\log4j-api-2.0-beta9.jar
   classpathEntry=D:\minecraft\[最新]Mc你的游戏(解压包)1\Mcndyx\.minecraft\libraries\org\apache\logging\log4j\log4j-core\2.0-beta9\log4j-core-2.0-beta9.jar
   classpathEntry=D:\minecraft\[最新]Mc你的游戏(解压包)1\Mcndyx\.minecraft\libraries\org\lwjgl\lwjgl\lwjgl\2.9.1\lwjgl-2.9.1.jar
   classpathEntry=D:\minecraft\[最新]Mc你的游戏(解压包)1\Mcndyx\.minecraft\libraries\org\lwjgl\lwjgl\lwjgl_util\2.9.1\lwjgl_util-2.9.1.jar
   classpathEntry=D:\minecraft\[最新]Mc你的游戏(解压包)1\Mcndyx\.minecraft\libraries\tv\twitch\twitch\5.16\twitch-5.16.jar
   classpathEntry=D:\minecraft\[最新]Mc你的游戏(解压包)1\Mcndyx\.minecraft\versions\1.7.10\1.7.10.jar
)
[10:45:19] [main/INFO]: Registering discovery module EnumeratorModuleClassPath: [<Java Class Path>]
[10:45:19] [main/INFO]: Registering discovery module EnumeratorModuleFolder: [D:\minecraft\[最新]Mc你的游戏(解压包)1\Mcndyx\.minecraft\mods]
[10:45:19] [main/INFO]: Registering discovery module EnumeratorModuleFolder: [D:\minecraft\[最新]Mc你的游戏(解压包)1\Mcndyx\.minecraft\mods\1.7.10]
[10:45:19] [main/INFO]: Adding supported mod class prefix 'LiteMod'
[10:45:19] [main/INFO]: Discovering tweaks on class path...
[10:45:19] [main/INFO]: Discovering valid mod files in folder D:\minecraft\[最新]Mc你的游戏(解压包)1\Mcndyx\.minecraft\mods
[10:45:19] [main/INFO]: Considering valid mod file: D:\minecraft\[最新]Mc你的游戏(解压包)1\Mcndyx\.minecraft\mods\14.litemod
[10:45:19] [main/INFO]: Adding newest valid mod file 'D:\minecraft\[最新]Mc你的游戏(解压包)1\Mcndyx\.minecraft\mods\14.litemod' at revision 1520.0000
[10:45:19] [main/INFO]: Discovering valid mod files in folder D:\minecraft\[最新]Mc你的游戏(解压包)1\Mcndyx\.minecraft\mods\1.7.10
[10:45:19] [main/INFO]: Searching for tweaks in 'Baubles-1.7.10-1.0.1.10.jar'
[10:45:19] [main/WARN]: Error parsing manifest entries in 'D:\minecraft\[最新]Mc你的游戏(解压包)1\Mcndyx\.minecraft\mods\1.7.10\Baubles-1.7.10-1.0.1.10.jar'
[10:45:19] [main/INFO]: Mod file '14.litemod' provides classTransformer 'com.thevoxelbox.voxelmap.litemod.VoxelMapTransformer', adding to class loader
[10:45:19] [main/INFO]: classTransformer 'com.thevoxelbox.voxelmap.litemod.VoxelMapTransformer' was successfully added
[10:45:19] [main/INFO]: LiteLoader PREINIT complete
[10:45:21] [main/INFO]: Injecting onstartupcomplete[x1] in func_71384_a in Minecraft
[10:45:21] [main/INFO]: Injecting prerenderfbo[x1] in func_71411_J in Minecraft
[10:45:21] [main/INFO]: Injecting postrenderfbo[x1] in func_71411_J in Minecraft
[10:45:21] [main/INFO]: Injecting ontimerupdate[x1] in func_71411_J in Minecraft
[10:45:21] [main/INFO]: Injecting onrender[x1] in func_71411_J in Minecraft
[10:45:21] [main/INFO]: Injecting ontick[x1] in func_71411_J in Minecraft
[10:45:21] [main/INFO]: Injecting shutdown[x1] in func_71400_g in Minecraft
[10:45:21] [main/INFO]: Injecting updateframebuffersize[x1] in func_147119_ah in Minecraft
[10:45:21] [main/INFO]: Injecting newtick[x1] in func_71407_l in Minecraft
[10:45:21] [main/INFO]: Applying overlay com.mumfrey.liteloader.client.overlays.MinecraftOverlay to net.minecraft.client.Minecraft
[10:45:21] [main/INFO]: MinecraftOverlayTransformer found INIT injection point, this is good.
[10:45:21] [main/INFO]: Injecting onoutboundchat[x1] in func_71165_d in EntityClientPlayerMP
[10:45:21] [main/INFO]: Injecting onc16packetclientstatus[x1] in func_148833_a in C16PacketClientStatus
[10:45:21] [main/INFO]: Injecting onrenderchat[x1] in func_73830_a in GuiIngame
[10:45:21] [main/INFO]: Injecting postrenderchat[x1] in func_73830_a in GuiIngame
[10:45:21] [main/INFO]: Injecting onc00handshake[x1] in func_148833_a in C00Handshake
[10:45:21] [main/INFO]: Injecting onc00packetloginstart[x1] in func_148833_a in C00PacketLoginStart
[10:45:21] [main/INFO]: Injecting ons03packettimeupdate[x1] in func_148833_a in S03PacketTimeUpdate
[10:45:22] [main/INFO]: Injecting ons34packetmaps[x1] in func_148833_a in S34PacketMaps
[10:45:22] [Client thread/INFO]: Injecting onc15packetclientsettings[x1] in func_148833_a in C15PacketClientSettings
[10:45:23] [Client thread/INFO]: Injecting renderfbo[x1] in func_147615_c in Framebuffer
[10:45:23] [Client thread/INFO]: Injecting oncreateintegratedserver[x1] in <init> in IntegratedServer
[10:45:31] [Client thread/INFO]: Injecting constructchunkfrompacket[x1] in func_76607_a in Chunk
[10:45:31] [Client thread/INFO]: Injecting prerendergui[x1] in func_78480_b in EntityRenderer
[10:45:31] [Client thread/INFO]: Injecting onrenderhud[x1] in func_78480_b in EntityRenderer
[10:45:31] [Client thread/INFO]: Injecting postrenderhud[x1] in func_78480_b in EntityRenderer
[10:45:31] [Client thread/INFO]: Injecting onrenderworld[x1] in func_78471_a in EntityRenderer
[10:45:31] [Client thread/INFO]: Injecting onsetupcameratransform[x1] in func_78471_a in EntityRenderer
[10:45:31] [Client thread/INFO]: Injecting postrenderentities[x1] in func_78471_a in EntityRenderer
[10:45:31] [Client thread/INFO]: Injecting postrender[x1] in func_78471_a in EntityRenderer
[10:45:31] [Client thread/INFO]: Injecting postrender[x1] in func_78471_a in EntityRenderer
[10:45:31] [Client thread/INFO]: Injecting ons2cpacketspawnglobalentity[x1] in func_148833_a in S2CPacketSpawnGlobalEntity
[10:45:31] [Client thread/INFO]: Injecting ons27packetexplosion[x1] in func_148833_a in S27PacketExplosion
[10:45:31] [Client thread/INFO]: Injecting ons2bpacketchangegamestate[x1] in func_148833_a in S2BPacketChangeGameState
[10:45:31] [Client thread/INFO]: Injecting ons19packetentitystatus[x1] in func_148833_a in S19PacketEntityStatus
[10:45:31] [Client thread/INFO]: Injecting ons24packetblockaction[x1] in func_148833_a in S24PacketBlockAction
[10:45:31] [Client thread/INFO]: Injecting ons2apacketparticles[x1] in func_148833_a in S2APacketParticles
[10:45:53] [Client thread/INFO]: Injecting ons23packetblockchange[x1] in func_148833_a in S23PacketBlockChange
[10:45:53] [Client thread/INFO]: Injecting ons35packetupdatetileentity[x1] in func_148833_a in S35PacketUpdateTileEntity
[10:46:14] [Client thread/INFO]: Injecting onc0dpacketclosewindow[x1] in func_148833_a in C0DPacketCloseWindow
[10:46:15] [Client thread/INFO]: Generating new Event Handler Proxy Class com.mumfrey.liteloader.core.event.EventProxy
[10:46:15] [Client thread/INFO]: Successfully generated event handler proxy class with 38 handlers(s) and 38 total invokations
[10:46:15] [Client thread/INFO]: JInput Component Registry is initialising...
[10:46:16] [Client thread/INFO]: Inspecting Keyboard controller HID Keyboard Device on Unknown...
[10:46:16] [Client thread/INFO]: Inspecting Mouse controller HID-compliant mouse on Unknown...
[10:46:16] [Client thread/INFO]: Inspecting Keyboard controller HID Keyboard Device on Unknown...
[10:46:16] [Client thread/INFO]: Inspecting Keyboard controller HID Keyboard Device on Unknown...
[10:46:16] [Client thread/INFO]: Inspecting Keyboard controller HID Keyboard Device on Unknown...
[10:46:16] [Client thread/INFO]: Inspecting Mouse controller HID-compliant mouse on Unknown...
[10:46:16] [Client thread/INFO]: Inspecting Mouse controller Microsoft PS/2 Êó± on Unknown...
[10:46:16] [Client thread/INFO]: Inspecting Unknown controller QT Radio on Unknown...
[10:46:16] [Client thread/INFO]: Inspecting Unknown controller HIDI2C Device on Unknown...
[10:46:16] [Client thread/INFO]: Inspecting Unknown controller QT Radio on Unknown...
[10:46:16] [Client thread/INFO]: Inspecting Unknown controller Wireless Receiver on Unknown...
[10:46:16] [Client thread/INFO]: Inspecting Unknown controller QT Radio on Unknown...
[10:46:16] [Client thread/INFO]: Inspecting Unknown controller QT Radio on Unknown...
[10:46:16] [Client thread/INFO]: Inspecting Unknown controller Wireless Receiver on Unknown...
[10:46:16] [Client thread/INFO]: Inspecting Unknown controller QT Radio on Unknown...
[10:46:16] [Client thread/INFO]: Inspecting Unknown controller QT Radio on Unknown...
[10:46:16] [Client thread/INFO]: Inspecting Unknown controller ITE Device(8910) on Unknown...
[10:46:16] [Client thread/INFO]: JInput Component Registry initialised, found 17 controller(s) 575 component(s)
[10:46:16] [Client thread/INFO]: Injecting onc17packetcustompayload[x1] in func_148833_a in C17PacketCustomPayload
[10:46:16] [Client thread/INFO]: Injecting ons3fpacketcustompayload[x1] in func_148833_a in S3FPacketCustomPayload
[10:46:16] [Client thread/INFO]: LiteLoader begin INIT...
[10:46:16] [Client thread/INFO]: Baking listener list for CoreProvider with 2 listeners
[10:46:16] [Client thread/INFO]: Injecting external mods into class path...
[10:46:16] [Client thread/INFO]: Injecting external mods into class path...
[10:46:16] [Client thread/INFO]: Discovering mods on class path...
[10:46:16] [Client thread/INFO]: Searching D:\minecraft\[最新]Mc你的游戏(解压包)1\Mcndyx\.minecraft\libraries\com\mumfrey\liteloader\1.7.10\liteloader-1.7.10.jar...
[10:46:16] [Client thread/INFO]: Searching D:\minecraft\[最新]Mc你的游戏(解压包)1\Mcndyx\.minecraft\libraries\net\minecraft\launchwrapper\1.11\launchwrapper-1.11.jar...
[10:46:16] [Client thread/INFO]: Searching D:\minecraft\[最新]Mc你的游戏(解压包)1\Mcndyx\.minecraft\libraries\org\ow2\asm\asm-all\5.0.3\asm-all-5.0.3.jar...
[10:46:16] [Client thread/INFO]: Searching D:\minecraft\[最新]Mc你的游戏(解压包)1\Mcndyx\.minecraft\libraries\com\google\guava\guava\16.0\guava-16.0.jar...
[10:46:16] [Client thread/INFO]: Searching D:\minecraft\[最新]Mc你的游戏(解压包)1\Mcndyx\.minecraft\libraries\net\minecraftforge\forge\1.7.10-10.13.4.1614-1.7.10\forge-1.7.10-10.13.4.1614-1.7.10.jar...
[10:46:16] [Client thread/INFO]: Searching D:\minecraft\[最新]Mc你的游戏(解压包)1\Mcndyx\.minecraft\libraries\net\minecraft\launchwrapper\1.12\launchwrapper-1.12.jar...
[10:46:16] [Client thread/INFO]: Searching D:\minecraft\[最新]Mc你的游戏(解压包)1\Mcndyx\.minecraft\libraries\org\ow2\asm\asm-all\5.0.3\asm-all-5.0.3.jar...
[10:46:16] [Client thread/INFO]: Searching D:\minecraft\[最新]Mc你的游戏(解压包)1\Mcndyx\.minecraft\libraries\com\typesafe\akka\akka-actor_2.11\2.3.3\akka-actor_2.11-2.3.3.jar...
[10:46:16] [Client thread/INFO]: Searching D:\minecraft\[最新]Mc你的游戏(解压包)1\Mcndyx\.minecraft\libraries\com\typesafe\config\1.2.1\config-1.2.1.jar...
[10:46:16] [Client thread/INFO]: Searching D:\minecraft\[最新]Mc你的游戏(解压包)1\Mcndyx\.minecraft\libraries\org\scala-lang\scala-actors-migration_2.11\1.1.0\scala-actors-migration_2.11-1.1.0.jar...
[10:46:16] [Client thread/INFO]: Searching D:\minecraft\[最新]Mc你的游戏(解压包)1\Mcndyx\.minecraft\libraries\org\scala-lang\scala-compiler\2.11.1\scala-compiler-2.11.1.jar...
[10:46:16] [Client thread/INFO]: Searching D:\minecraft\[最新]Mc你的游戏(解压包)1\Mcndyx\.minecraft\libraries\org\scala-lang\plugins\scala-continuations-library_2.11\1.0.2\scala-continuations-library_2.11-1.0.2.jar...
[10:46:16] [Client thread/INFO]: Searching D:\minecraft\[最新]Mc你的游戏(解压包)1\Mcndyx\.minecraft\libraries\org\scala-lang\plugins\scala-continuations-plugin_2.11.1\1.0.2\scala-continuations-plugin_2.11.1-1.0.2.jar...
[10:46:16] [Client thread/INFO]: Searching D:\minecraft\[最新]Mc你的游戏(解压包)1\Mcndyx\.minecraft\libraries\org\scala-lang\scala-library\2.11.1\scala-library-2.11.1.jar...
[10:46:16] [Client thread/INFO]: Searching D:\minecraft\[最新]Mc你的游戏(解压包)1\Mcndyx\.minecraft\libraries\org\scala-lang\scala-parser-combinators_2.11\1.0.1\scala-parser-combinators_2.11-1.0.1.jar...
[10:46:16] [Client thread/INFO]: Searching D:\minecraft\[最新]Mc你的游戏(解压包)1\Mcndyx\.minecraft\libraries\org\scala-lang\scala-reflect\2.11.1\scala-reflect-2.11.1.jar...
[10:46:16] [Client thread/INFO]: Searching D:\minecraft\[最新]Mc你的游戏(解压包)1\Mcndyx\.minecraft\libraries\org\scala-lang\scala-swing_2.11\1.0.1\scala-swing_2.11-1.0.1.jar...
[10:46:16] [Client thread/INFO]: Searching D:\minecraft\[最新]Mc你的游戏(解压包)1\Mcndyx\.minecraft\libraries\org\scala-lang\scala-xml_2.11\1.0.2\scala-xml_2.11-1.0.2.jar...
[10:46:16] [Client thread/INFO]: Searching D:\minecraft\[最新]Mc你的游戏(解压包)1\Mcndyx\.minecraft\libraries\lzma\lzma\0.0.1\lzma-0.0.1.jar...
[10:46:16] [Client thread/INFO]: Searching D:\minecraft\[最新]Mc你的游戏(解压包)1\Mcndyx\.minecraft\libraries\net\sf\jopt-simple\jopt-simple\4.5\jopt-simple-4.5.jar...
[10:46:16] [Client thread/INFO]: Searching D:\minecraft\[最新]Mc你的游戏(解压包)1\Mcndyx\.minecraft\libraries\com\google\guava\guava\17.0\guava-17.0.jar...
[10:46:16] [Client thread/INFO]: Searching D:\minecraft\[最新]Mc你的游戏(解压包)1\Mcndyx\.minecraft\libraries\org\apache\commons\commons-lang3\3.3.2\commons-lang3-3.3.2.jar...
[10:46:16] [Client thread/INFO]: Searching D:\minecraft\[最新]Mc你的游戏(解压包)1\Mcndyx\.minecraft\libraries\com\mojang\realms\1.2.4\realms-1.2.4.jar...
[10:46:16] [Client thread/INFO]: Searching D:\minecraft\[最新]Mc你的游戏(解压包)1\Mcndyx\.minecraft\libraries\org\apache\commons\commons-compress\1.8.1\commons-compress-1.8.1.jar...
[10:46:16] [Client thread/INFO]: Searching D:\minecraft\[最新]Mc你的游戏(解压包)1\Mcndyx\.minecraft\libraries\org\apache\httpcomponents\httpclient\4.3.3\httpclient-4.3.3.jar...
[10:46:16] [Client thread/INFO]: Searching D:\minecraft\[最新]Mc你的游戏(解压包)1\Mcndyx\.minecraft\libraries\commons-logging\commons-logging\1.1.3\commons-logging-1.1.3.jar...
[10:46:16] [Client thread/INFO]: Searching D:\minecraft\[最新]Mc你的游戏(解压包)1\Mcndyx\.minecraft\libraries\org\apache\httpcomponents\httpcore\4.3.2\httpcore-4.3.2.jar...
[10:46:16] [Client thread/INFO]: Searching D:\minecraft\[最新]Mc你的游戏(解压包)1\Mcndyx\.minecraft\libraries\java3d\vecmath\1.3.1\vecmath-1.3.1.jar...
[10:46:16] [Client thread/INFO]: Searching D:\minecraft\[最新]Mc你的游戏(解压包)1\Mcndyx\.minecraft\libraries\net\sf\trove4j\trove4j\3.0.3\trove4j-3.0.3.jar...
[10:46:16] [Client thread/INFO]: Searching D:\minecraft\[最新]Mc你的游戏(解压包)1\Mcndyx\.minecraft\libraries\com\ibm\icu\icu4j-core-mojang\51.2\icu4j-core-mojang-51.2.jar...
[10:46:16] [Client thread/INFO]: Searching D:\minecraft\[最新]Mc你的游戏(解压包)1\Mcndyx\.minecraft\libraries\net\sf\jopt-simple\jopt-simple\4.5\jopt-simple-4.5.jar...
[10:46:16] [Client thread/INFO]: Searching D:\minecraft\[最新]Mc你的游戏(解压包)1\Mcndyx\.minecraft\libraries\com\paulscode\codecjorbis\20101023\codecjorbis-20101023.jar...
[10:46:16] [Client thread/INFO]: Searching D:\minecraft\[最新]Mc你的游戏(解压包)1\Mcndyx\.minecraft\libraries\com\paulscode\codecwav\20101023\codecwav-20101023.jar...
[10:46:16] [Client thread/INFO]: Searching D:\minecraft\[最新]Mc你的游戏(解压包)1\Mcndyx\.minecraft\libraries\com\paulscode\libraryjavasound\20101123\libraryjavasound-20101123.jar...
[10:46:16] [Client thread/INFO]: Searching D:\minecraft\[最新]Mc你的游戏(解压包)1\Mcndyx\.minecraft\libraries\com\paulscode\librarylwjglopenal\20100824\librarylwjglopenal-20100824.jar...
[10:46:16] [Client thread/INFO]: Searching D:\minecraft\[最新]Mc你的游戏(解压包)1\Mcndyx\.minecraft\libraries\com\paulscode\soundsystem\20120107\soundsystem-20120107.jar...
[10:46:16] [Client thread/INFO]: Searching D:\minecraft\[最新]Mc你的游戏(解压包)1\Mcndyx\.minecraft\libraries\io\netty\netty-all\4.0.10.Final\netty-all-4.0.10.Final.jar...
[10:46:16] [Client thread/INFO]: Searching D:\minecraft\[最新]Mc你的游戏(解压包)1\Mcndyx\.minecraft\libraries\org\apache\commons\commons-lang3\3.1\commons-lang3-3.1.jar...
[10:46:16] [Client thread/INFO]: Searching D:\minecraft\[最新]Mc你的游戏(解压包)1\Mcndyx\.minecraft\libraries\commons-io\commons-io\2.4\commons-io-2.4.jar...
[10:46:16] [Client thread/INFO]: Searching D:\minecraft\[最新]Mc你的游戏(解压包)1\Mcndyx\.minecraft\libraries\commons-codec\commons-codec\1.9\commons-codec-1.9.jar...
[10:46:16] [Client thread/INFO]: Searching D:\minecraft\[最新]Mc你的游戏(解压包)1\Mcndyx\.minecraft\libraries\net\java\jinput\jinput\2.0.5\jinput-2.0.5.jar...
[10:46:16] [Client thread/INFO]: Searching D:\minecraft\[最新]Mc你的游戏(解压包)1\Mcndyx\.minecraft\libraries\net\java\jutils\jutils\1.0.0\jutils-1.0.0.jar...
[10:46:16] [Client thread/INFO]: Searching D:\minecraft\[最新]Mc你的游戏(解压包)1\Mcndyx\.minecraft\libraries\com\google\code\gson\gson\2.2.4\gson-2.2.4.jar...
[10:46:16] [Client thread/INFO]: Searching D:\minecraft\[最新]Mc你的游戏(解压包)1\Mcndyx\.minecraft\libraries\com\mojang\authlib\1.5.13\authlib-1.5.13.jar...
[10:46:16] [Client thread/INFO]: Searching D:\minecraft\[最新]Mc你的游戏(解压包)1\Mcndyx\.minecraft\libraries\org\apache\logging\log4j\log4j-api\2.0-beta9\log4j-api-2.0-beta9.jar...
[10:46:16] [Client thread/INFO]: Searching D:\minecraft\[最新]Mc你的游戏(解压包)1\Mcndyx\.minecraft\libraries\org\apache\logging\log4j\log4j-core\2.0-beta9\log4j-core-2.0-beta9.jar...
[10:46:16] [Client thread/INFO]: Searching D:\minecraft\[最新]Mc你的游戏(解压包)1\Mcndyx\.minecraft\libraries\org\lwjgl\lwjgl\lwjgl\2.9.1\lwjgl-2.9.1.jar...
[10:46:16] [Client thread/INFO]: Searching D:\minecraft\[最新]Mc你的游戏(解压包)1\Mcndyx\.minecraft\libraries\org\lwjgl\lwjgl\lwjgl_util\2.9.1\lwjgl_util-2.9.1.jar...
[10:46:16] [Client thread/INFO]: Searching D:\minecraft\[最新]Mc你的游戏(解压包)1\Mcndyx\.minecraft\libraries\tv\twitch\twitch\5.16\twitch-5.16.jar...
[10:46:16] [Client thread/INFO]: Searching D:\minecraft\[最新]Mc你的游戏(解压包)1\Mcndyx\.minecraft\versions\1.7.10\1.7.10.jar...
[10:46:16] [Client thread/INFO]: Discovering mods in valid mod files...
[10:46:16] [Client thread/INFO]: Searching D:\minecraft\[最新]Mc你的游戏(解压包)1\Mcndyx\.minecraft\mods\14.litemod...
[10:46:16] [Client thread/INFO]: Found 1 potential matches
[10:46:16] [Client thread/INFO]: Discovering mods in valid mod files...
[10:46:16] [Client thread/INFO]: Mod class discovery completed
[10:46:16] [Client thread/INFO]: LiteLoader begin POSTINIT...
[10:46:16] [Client thread/INFO]: Inhibiting sound handler reload
[10:46:16] [Client thread/INFO]: Registering interface provider com.mumfrey.liteloader.client.ClientEvents for API LiteLoader core API
[10:46:16] [Client thread/INFO]: Injecting onc01packetchatmessage[x1] in func_148833_a in C01PacketChatMessage
[10:46:16] [Client thread/INFO]: Injecting onplayerlogin[x1] in func_72377_c in ServerConfigurationManager
[10:46:16] [Client thread/INFO]: Injecting onplayerlogout[x1] in func_72367_e in ServerConfigurationManager
[10:46:16] [Client thread/INFO]: Injecting onspawnplayer[x1] in func_148545_a in ServerConfigurationManager
[10:46:16] [Client thread/INFO]: Injecting onrespawnplayer[x1] in func_72368_a in ServerConfigurationManager
[10:46:16] [Client thread/INFO]: Registering interface provider com.mumfrey.liteloader.client.PacketEventsClient for API LiteLoader core API
[10:46:16] [Client thread/INFO]: Injecting ons01packetjoingame[x1] in func_148833_a in S01PacketJoinGame
[10:46:16] [Client thread/INFO]: Injecting ons02packetchat[x1] in func_148833_a in S02PacketChat
[10:46:16] [Client thread/INFO]: Injecting ons02packetloginsuccess[x1] in func_148833_a in S02PacketLoginSuccess
[10:46:16] [Client thread/INFO]: Registering interface provider com.mumfrey.liteloader.client.ClientPluginChannelsClient for API LiteLoader core API
[10:46:16] [Client thread/INFO]: Registering interface provider com.mumfrey.liteloader.core.ServerPluginChannels for API LiteLoader core API
[10:46:16] [Client thread/INFO]: Registering interface provider com.mumfrey.liteloader.messaging.MessageBus for API LiteLoader core API
[10:46:16] [Client thread/INFO]: Discovered 1 total mod(s), injected 0 tweak(s)
[10:46:16] [Client thread/INFO]: Loading mod from com.thevoxelbox.voxelmap.litemod.LiteModVoxelMap
[10:46:16] [Client thread/INFO]: Baking listener list for ModLoadObserver with 0 listeners
[10:46:16] [Client thread/INFO]: Successfully added mod VoxelMap version 1.5.20
[10:46:16] [Client thread/INFO]: Adding "D:\minecraft\[最新]Mc你的游戏(解压包)1\Mcndyx\.minecraft\mods\14.litemod" to active resource pack set
[10:46:16] [Client thread/INFO]: Setting up "14.litemod" as mod resource pack with identifier "VoxelMap"
[10:46:16] [Client thread/INFO]: Successfully added "D:\minecraft\[最新]Mc你的游戏(解压包)1\Mcndyx\.minecraft\mods\14.litemod" to active resource pack set
[10:46:16] [Client thread/INFO]: Initialising mod VoxelMap version 1.5.20
[10:46:16] [Client thread/INFO]: Baking listener list for InterfaceObserver with 0 listeners
[10:46:22] [Client thread/INFO]: Calling late init for mod VoxelMap
[10:46:23] [Client thread/INFO]: Injecting ons0bpacketanimation[x1] in func_148833_a in S0BPacketAnimation
[10:46:23] [Client thread/INFO]: Injecting ons04packetentityequipment[x1] in func_148833_a in S04PacketEntityEquipment
[10:46:23] [Client thread/INFO]: Injecting ons0dpacketcollectitem[x1] in func_148833_a in S0DPacketCollectItem
[10:46:23] [Client thread/INFO]: Injecting ons1bpacketentityattach[x1] in func_148833_a in S1BPacketEntityAttach
[10:46:23] [Client thread/INFO]: Baking listener list for ViewportListener with 0 listeners
[10:46:23] [Client thread/INFO]: Sound handler reload inhibit removed
[10:46:23] [Client thread/INFO]: Reloading sound handler
[10:46:24] [Client thread/INFO]: Baking listener list for GameLoopListener with 0 listeners
[10:46:24] [Client thread/INFO]: Baking listener list for RenderListener with 0 listeners
[10:46:24] [Client thread/INFO]: Baking listener list for TickObserver with 3 listeners
[10:46:24] [Client thread/INFO]: Baking listener list for PostRenderObserver with 3 listeners
[10:46:24] [Client thread/INFO]: Baking listener list for Tickable with 1 listeners
[10:46:24] [Client thread/INFO]: Baking listener list for WorldObserver with 2 listeners
[10:46:24] [Client thread/INFO]: Baking listener list for FrameBufferListener with 0 listeners
